2026-03-13 09:09:08 INFO  org.hibernate.validator.internal.util.Version - HV000001: Hibernate Validator 8.0.1.Final
2026-03-13 09:09:08 INFO  com.rajashekar.studentservice.StudentServiceApplication - Starting StudentServiceApplication using Java 25.0.1 with PID 42764 (E:\SpringWorkPlace\student-service\target\classes started by Raju in E:\SpringWorkPlace\student-service)
2026-03-13 09:09:08 INFO  com.rajashekar.studentservice.StudentServiceApplication - No active profile set, falling back to 1 default profile: "default"
2026-03-13 09:09:08 INFO  org.springframework.boot.devtools.env.DevToolsPropertyDefaultsPostProcessor - Devtools property defaults active! Set 'spring.devtools.add-properties' to 'false' to disable
2026-03-13 09:09:08 INFO  org.springframework.boot.devtools.env.DevToolsPropertyDefaultsPostProcessor - For additional web related logging consider setting the 'logging.level.web' property to 'DEBUG'
2026-03-13 09:09:09 INFO  org.springframework.data.repository.config.RepositoryConfigurationDelegate - Bootstrapping Spring Data JPA repositories in DEFAULT mode.
2026-03-13 09:09:09 INFO  org.springframework.data.repository.config.RepositoryConfigurationDelegate - Finished Spring Data repository scanning in 39 ms. Found 1 JPA repository interface.
2026-03-13 09:09:09 INFO  org.springframework.boot.web.embedded.tomcat.TomcatWebServer - Tomcat initialized with port 8081 (http)
2026-03-13 09:09:09 INFO  org.apache.coyote.http11.Http11NioProtocol - Initializing ProtocolHandler ["http-nio-8081"]
2026-03-13 09:09:09 INFO  org.apache.catalina.core.StandardService - Starting service [Tomcat]
2026-03-13 09:09:09 INFO  org.apache.catalina.core.StandardEngine - Starting Servlet engine: [Apache Tomcat/10.1.31]
2026-03-13 09:09:09 INFO  org.apache.catalina.core.ContainerBase.[Tomcat].[localhost].[/] - Initializing Spring embedded WebApplicationContext
2026-03-13 09:09:09 INFO  org.springframework.boot.web.servlet.context.ServletWebServerApplicationContext - Root WebApplicationContext: initialization completed in 1069 ms
2026-03-13 09:09:09 INFO  com.zaxxer.hikari.HikariDataSource - HikariPool-1 - Starting...
2026-03-13 09:09:09 INFO  com.zaxxer.hikari.pool.HikariPool - HikariPool-1 - Added connection conn0: url=jdbc:h2:mem:student user=SA
2026-03-13 09:09:10 INFO  com.zaxxer.hikari.HikariDataSource - HikariPool-1 - Start completed.
2026-03-13 09:09:10 INFO  org.springframework.boot.autoconfigure.h2.H2ConsoleAutoConfiguration - H2 console available at '/h2-console'. Database available at 'jdbc:h2:mem:student'
2026-03-13 09:09:10 INFO  org.hibernate.jpa.internal.util.LogHelper - HHH000204: Processing PersistenceUnitInfo [name: default]
2026-03-13 09:09:10 INFO  org.hibernate.Version - HHH000412: Hibernate ORM core version 6.5.3.Final
2026-03-13 09:09:10 INFO  org.hibernate.cache.internal.RegionFactoryInitiator - HHH000026: Second-level cache disabled
2026-03-13 09:09:10 INFO  org.springframework.orm.jpa.persistenceunit.SpringPersistenceUnitInfo - No LoadTimeWeaver setup: ignoring JPA class transformer
2026-03-13 09:09:10 WARN  org.hibernate.orm.deprecation - HHH90000025: H2Dialect does not need to be specified explicitly using 'hibernate.dialect' (remove the property setting and it will be selected by default)
2026-03-13 09:09:11 INFO  org.hibernate.engine.transaction.jta.platform.internal.JtaPlatformInitiator - HHH000489: No JTA platform available (set 'hibernate.transaction.jta.platform' to enable JTA platform integration)
2026-03-13 09:09:11 INFO  org.springframework.orm.jpa.LocalContainerEntityManagerFactoryBean - Initialized JPA EntityManagerFactory for persistence unit 'default'
2026-03-13 09:09:11 WARN  org.springframework.boot.autoconfigure.orm.jpa.JpaBaseConfiguration$JpaWebConfiguration - spring.jpa.open-in-view is enabled by default. Therefore, database queries may be performed during view rendering. Explicitly configure spring.jpa.open-in-view to disable this warning
2026-03-13 09:09:11 INFO  org.springframework.boot.devtools.autoconfigure.OptionalLiveReloadServer - LiveReload server is running on port 35729
2026-03-13 09:09:11 INFO  org.apache.coyote.http11.Http11NioProtocol - Starting ProtocolHandler ["http-nio-8081"]
2026-03-13 09:09:11 INFO  org.springframework.boot.web.embedded.tomcat.TomcatWebServer - Tomcat started on port 8081 (http) with context path '/'
2026-03-13 09:09:11 INFO  com.rajashekar.studentservice.StudentServiceApplication - Started StudentServiceApplication in 3.315 seconds (process running for 4.241)
2026-03-13 09:09:15 INFO  org.apache.catalina.core.ContainerBase.[Tomcat].[localhost].[/] - Initializing Spring DispatcherServlet 'dispatcherServlet'
2026-03-13 09:09:15 INFO  org.springframework.web.servlet.DispatcherServlet - Initializing Servlet 'dispatcherServlet'
2026-03-13 09:09:15 INFO  org.springframework.web.servlet.DispatcherServlet - Completed initialization in 1 ms
2026-03-13 09:09:15 INFO  com.rajashekar.studentservice.service.StudentService - Adding new student: Ramesh
2026-03-13 09:09:16 INFO  com.rajashekar.studentservice.service.StudentService - Student added successfully with id: 1
2026-03-13 09:11:55 INFO  com.rajashekar.studentservice.service.StudentService - Fetching student by id: 1
2026-03-13 09:13:41 WARN  org.springframework.web.servlet.mvc.method.annotation.ExceptionHandlerExceptionResolver - Resolved [org.springframework.web.HttpRequestMethodNotSupportedException: Request method 'POST' is not supported]
2026-03-13 09:13:56 INFO  com.rajashekar.studentservice.service.StudentService - Updating student with id: 1
2026-03-13 09:13:56 INFO  com.rajashekar.studentservice.service.StudentService - Student updated successfully with id: 1
2026-03-13 09:14:01 INFO  com.rajashekar.studentservice.service.StudentService - Fetching all students
2026-03-13 09:14:15 INFO  com.rajashekar.studentservice.service.StudentService - Updating student with id: 1
2026-03-13 09:14:15 INFO  com.rajashekar.studentservice.service.StudentService - Student updated successfully with id: 1
2026-03-13 09:14:21 INFO  com.rajashekar.studentservice.service.StudentService - Fetching all students
2026-03-13 09:15:11 INFO  com.rajashekar.studentservice.service.StudentService - Deleting student with id: 1
2026-03-13 09:15:11 INFO  com.rajashekar.studentservice.service.StudentService - Student deleted successfully with id: 1
2026-03-13 09:15:16 INFO  com.rajashekar.studentservice.service.StudentService - Fetching all students
2026-03-13 09:15:24 INFO  com.rajashekar.studentservice.service.StudentService - Adding new student: Ramesh
2026-03-13 09:15:24 INFO  com.rajashekar.studentservice.service.StudentService - Student added successfully with id: 2
2026-03-13 09:15:32 INFO  com.rajashekar.studentservice.service.StudentService - Fetching all students
2026-03-13 09:17:52 INFO  com.rajashekar.studentservice.service.StudentService - Fetching student by id: 1
2026-03-13 09:18:01 INFO  com.rajashekar.studentservice.service.StudentService - Adding new student: Ramesh
2026-03-13 09:18:01 INFO  com.rajashekar.studentservice.service.StudentService - Student added successfully with id: 3
2026-03-13 09:18:05 INFO  com.rajashekar.studentservice.service.StudentService - Fetching student by id: 1
2026-03-13 09:18:15 INFO  com.rajashekar.studentservice.service.StudentService - Fetching all students
2026-03-13 09:18:23 INFO  com.rajashekar.studentservice.service.StudentService - Fetching student by id: 2
